# JRE version: OpenJDK Runtime Environment (17.0.6) (build 17.0.6+0-b2043.56-10027231)
# Java VM: OpenJDK 64-Bit Server VM (17.0.6+0-b2043.56-10027231, mixed mode, tiered, compressed oops, compressed class ptrs, g1 gc, windows-amd64)
GC Precious Log:
 CPUs: 4 total, 4 available
 Memory: 8064M
 Large Page Support: Disabled
 NUMA Support: Disabled
 Compressed Oops: Enabled (32-bit)
 Heap Region Size: 1M
 Heap Min Capacity: 8M
 Heap Initial Capacity: 128M
 Heap Max Capacity: 2G
 Pre-touch: Disabled
 Parallel Workers: 4
 Concurrent Workers: 1
 Concurrent Refinement Workers: 4
 Periodic GC: Disabled
Heap:
 garbage-first heap   total 350208K, used 281600K [0x0000000080000000, 0x0000000100000000)
  region size 1024K, 8 young (8192K), 3 survivors (3072K)
 Metaspace       used 140332K, committed 141376K, reserved 1179648K
  class space    used 18602K, committed 19136K, reserved 1048576K
GC Heap History (20 events):
Event: 272.335 GC heap before
{Heap before GC invocations=72 (full 0):
 garbage-first heap   total 350208K, used 205669K [0x0000000080000000, 0x0000000100000000)
  region size 1024K, 17 young (17408K), 5 survivors (5120K)
 Metaspace       used 123514K, committed 124544K, reserved 1163264K
  class space    used 16276K, committed 16768K, reserved 1048576K
}
Event: 272.347 GC heap after
{Heap after GC invocations=73 (full 0):
 garbage-first heap   total 350208K, used 194012K [0x0000000080000000, 0x0000000100000000)
  region size 1024K, 2 young (2048K), 2 survivors (2048K)
 Metaspace       used 123514K, committed 124544K, reserved 1163264K
  class space    used 16276K, committed 16768K, reserved 1048576K
}
Event: 274.861 GC heap before
{Heap before GC invocations=73 (full 0):
 garbage-first heap   total 350208K, used 276956K [0x0000000080000000, 0x0000000100000000)
  region size 1024K, 84 young (86016K), 2 survivors (2048K)
 Metaspace       used 125504K, committed 126592K, reserved 1163264K
  class space    used 16480K, committed 17024K, reserved 1048576K
}
Event: 274.882 GC heap after
{Heap after GC invocations=74 (full 0):
 garbage-first heap   total 350208K, used 199970K [0x0000000080000000, 0x0000000100000000)
  region size 1024K, 8 young (8192K), 8 survivors (8192K)
 Metaspace       used 125504K, committed 126592K, reserved 1163264K
  class space    used 16480K, committed 17024K, reserved 1048576K
}
Event: 278.682 GC heap before
{Heap before GC invocations=74 (full 0):
 garbage-first heap   total 350208K, used 283938K [0x0000000080000000, 0x0000000100000000)
  region size 1024K, 91 young (93184K), 8 survivors (8192K)
 Metaspace       used 130665K, committed 131712K, reserved 1163264K
  class space    used 17136K, committed 17664K, reserved 1048576K
}
Event: 278.703 GC heap after
{Heap after GC invocations=75 (full 0):
 garbage-first heap   total 350208K, used 202293K [0x0000000080000000, 0x0000000100000000)
  region size 1024K, 5 young (5120K), 5 survivors (5120K)
 Metaspace       used 130665K, committed 131712K, reserved 1163264K
  class space    used 17136K, committed 17664K, reserved 1048576K
}
Event: 281.178 GC heap before
{Heap before GC invocations=75 (full 0):
 garbage-first heap   total 350208K, used 288309K [0x0000000080000000, 0x0000000100000000)
  region size 1024K, 90 young (92160K), 5 survivors (5120K)
 Metaspace       used 133046K, committed 134144K, reserved 1171456K
  class space    used 17448K, committed 17984K, reserved 1048576K
}
Event: 281.198 GC heap after
{Heap after GC invocations=76 (full 0):
 garbage-first heap   total 350208K, used 209324K [0x0000000080000000, 0x0000000100000000)
  region size 1024K, 12 young (12288K), 12 survivors (12288K)
 Metaspace       used 133046K, committed 134144K, reserved 1171456K
  class space    used 17448K, committed 17984K, reserved 1048576K
}
Event: 283.276 GC heap before
{Heap before GC invocations=76 (full 0):
 garbage-first heap   total 350208K, used 300460K [0x0000000080000000, 0x0000000100000000)
  region size 1024K, 91 young (93184K), 12 survivors (12288K)
 Metaspace       used 134696K, committed 135808K, reserved 1171456K
  class space    used 17665K, committed 18176K, reserved 1048576K
}
Event: 283.302 GC heap after
{Heap after GC invocations=77 (full 0):
 garbage-first heap   total 350208K, used 230448K [0x0000000080000000, 0x0000000100000000)
  region size 1024K, 10 young (10240K), 10 survivors (10240K)
 Metaspace       used 134696K, committed 135808K, reserved 1171456K
  class space    used 17665K, committed 18176K, reserved 1048576K
}
Event: 284.202 GC heap before
{Heap before GC invocations=77 (full 0):
 garbage-first heap   total 350208K, used 282672K [0x0000000080000000, 0x0000000100000000)
  region size 1024K, 47 young (48128K), 10 survivors (10240K)
 Metaspace       used 137418K, committed 138496K, reserved 1171456K
  class space    used 18062K, committed 18560K, reserved 1048576K
}
Event: 284.212 GC heap after
{Heap after GC invocations=78 (full 0):
 garbage-first heap   total 350208K, used 237807K [0x0000000080000000, 0x0000000100000000)
  region size 1024K, 5 young (5120K), 5 survivors (5120K)
 Metaspace       used 137418K, committed 138496K, reserved 1171456K
  class space    used 18062K, committed 18560K, reserved 1048576K
}
Event: 285.505 GC heap before
{Heap before GC invocations=78 (full 0):
 garbage-first heap   total 350208K, used 284911K [0x0000000080000000, 0x0000000100000000)
  region size 1024K, 39 young (39936K), 5 survivors (5120K)
 Metaspace       used 137760K, committed 138816K, reserved 1171456K
  class space    used 18109K, committed 18624K, reserved 1048576K
}
Event: 285.530 GC heap after
{Heap after GC invocations=79 (full 0):
 garbage-first heap   total 350208K, used 254217K [0x0000000080000000, 0x0000000100000000)
  region size 1024K, 8 young (8192K), 8 survivors (8192K)
 Metaspace       used 137760K, committed 138816K, reserved 1171456K
  class space    used 18109K, committed 18624K, reserved 1048576K
}
Event: 286.633 GC heap before
{Heap before GC invocations=79 (full 0):
 garbage-first heap   total 350208K, used 292105K [0x0000000080000000, 0x0000000100000000)
  region size 1024K, 44 young (45056K), 8 survivors (8192K)
 Metaspace       used 140276K, committed 141376K, reserved 1179648K
  class space    used 18601K, committed 19136K, reserved 1048576K
}
Event: 286.679 GC heap after
{Heap after GC invocations=80 (full 0):
 garbage-first heap   total 350208K, used 270920K [0x0000000080000000, 0x0000000100000000)
  region size 1024K, 6 young (6144K), 6 survivors (6144K)
 Metaspace       used 140276K, committed 141376K, reserved 1179648K
  class space    used 18601K, committed 19136K, reserved 1048576K
}
Event: 287.119 GC heap before
{Heap before GC invocations=80 (full 0):
 garbage-first heap   total 350208K, used 294472K [0x0000000080000000, 0x0000000100000000)
  region size 1024K, 29 young (29696K), 6 survivors (6144K)
 Metaspace       used 140323K, committed 141376K, reserved 1179648K
  class space    used 18602K, committed 19136K, reserved 1048576K
}
Event: 287.162 GC heap after
{Heap after GC invocations=81 (full 0):
 garbage-first heap   total 350208K, used 283136K [0x0000000080000000, 0x0000000100000000)
  region size 1024K, 4 young (4096K), 4 survivors (4096K)
 Metaspace       used 140323K, committed 141376K, reserved 1179648K
  class space    used 18602K, committed 19136K, reserved 1048576K
}
Event: 287.749 GC heap before
{Heap before GC invocations=81 (full 0):
 garbage-first heap   total 350208K, used 297472K [0x0000000080000000, 0x0000000100000000)
  region size 1024K, 18 young (18432K), 4 survivors (4096K)
 Metaspace       used 140327K, committed 141376K, reserved 1179648K
  class space    used 18602K, committed 19136K, reserved 1048576K
}
Event: 287.772 GC heap after
{Heap after GC invocations=82 (full 0):
 garbage-first heap   total 350208K, used 290816K [0x0000000080000000, 0x0000000100000000)
  region size 1024K, 3 young (3072K), 3 survivors (3072K)
 Metaspace       used 140327K, committed 141376K, reserved 1179648K
  class space    used 18602K, committed 19136K, reserved 1048576K
}

